<?xml version="1.0" encoding="UTF-8"?>
<testsuite name="lab02.AppTest" tests="1" skipped="0" failures="0" errors="0" timestamp="2022-02-10T18:22:36" hostname="LAPTOP-T0MVNHQB" time="0.035">
  <properties/>
  <testcase name="appHasAGreeting()" classname="lab02.AppTest" time="0.035"/>
  <system-out><![CDATA[]]></system-out>
  <system-err><![CDATA[]]></system-err>
</testsuite>
